<?xml version="1.0" encoding="UTF-8"?>
<!-- Generated by org.testng.reporters.JUnitReportReporter -->
<testsuite hostname="DESKTOP-TJ2MT2U" failures="0" tests="7" name="com.TestNG.Annotations1" time="0.042" errors="0" timestamp="2023-11-25T16:01:27 IST" skipped="1">
  <testcase classname="com.TestNG.Annotations1" name="gmailApplicationLlaunch" time="0.023"/>
  <system-out/>
  <testcase classname="com.TestNG.Annotations1" name="gmailApplicationLogInTest" time="0.004"/>
  <system-out/>
  <testcase classname="com.TestNG.Annotations1" name="gmailApplicationInBoxTest" time="0.003"/>
  <system-out/>
  <testcase classname="com.TestNG.Annotations1" name="gmailApplicationComposeMailTest" time="0.002"/>
  <system-out/>
  <testcase classname="com.TestNG.Annotations1" name="GmailApplicationSentMailTest" time="0.002"/>
  <system-out/>
  <testcase classname="com.TestNG.Annotations1" name="GmailApplicationClose" time="0.008"/>
  <system-out/>
  <testcase classname="com.TestNG.Annotations1" name="gmailApplicationDraftsMailTest">
    <skipped/>
  </testcase> <!-- gmailApplicationDraftsMailTest -->
  <system-out/>
</testsuite> <!-- com.TestNG.Annotations1 -->
